# JRE version: OpenJDK Runtime Environment (8.0_202-b03) (build 1.8.0_202-release-1483-b03)
# Java VM: OpenJDK 64-Bit Server VM (25.202-b03 mixed mode windows-amd64 compressed oops)
Heap:
 PSYoungGen      total 264704K, used 93196K [0x00000000e0000000, 0x00000000f3c00000, 0x0000000100000000)
  eden space 247808K, 30% used [0x00000000e0000000,0x00000000e4af1c88,0x00000000ef200000)
  from space 16896K, 97% used [0x00000000efb00000,0x00000000f0b11570,0x00000000f0b80000)
  to   space 37888K, 0% used [0x00000000f1700000,0x00000000f1700000,0x00000000f3c00000)
 ParOldGen       total 128000K, used 75681K [0x00000000a0000000, 0x00000000a7d00000, 0x00000000e0000000)
  object space 128000K, 59% used [0x00000000a0000000,0x00000000a49e8740,0x00000000a7d00000)
 Metaspace       used 85917K, capacity 90047K, committed 90200K, reserved 1128448K
  class space    used 11273K, capacity 12075K, committed 12160K, reserved 1048576K
GC Heap History (10 events):
Event: 229.883 GC heap before
{Heap before GC invocations=18 (full 3):
 PSYoungGen      total 225792K, used 225344K [0x00000000e0000000, 0x00000000ef600000, 0x0000000100000000)
  eden space 205824K, 100% used [0x00000000e0000000,0x00000000ec900000,0x00000000ec900000)
  from space 19968K, 97% used [0x00000000ee280000,0x00000000ef5900b0,0x00000000ef600000)
  to   space 22528K, 0% used [0x00000000eca00000,0x00000000eca00000,0x00000000ee000000)
 ParOldGen       total 128000K, used 27989K [0x00000000a0000000, 0x00000000a7d00000, 0x00000000e0000000)
  object space 128000K, 21% used [0x00000000a0000000,0x00000000a1b55588,0x00000000a7d00000)
 Metaspace       used 70753K, capacity 73483K, committed 73688K, reserved 1114112K
  class space    used 9351K, capacity 9939K, committed 9984K, reserved 1048576K
Event: 229.902 GC heap after
Heap after GC invocations=18 (full 3):
 PSYoungGen      total 229376K, used 13833K [0x00000000e0000000, 0x00000000f1680000, 0x0000000100000000)
  eden space 206848K, 0% used [0x00000000e0000000,0x00000000e0000000,0x00000000eca00000)
  from space 22528K, 61% used [0x00000000eca00000,0x00000000ed7825b8,0x00000000ee000000)
  to   space 23040K, 0% used [0x00000000f0000000,0x00000000f0000000,0x00000000f1680000)
 ParOldGen       total 128000K, used 27997K [0x00000000a0000000, 0x00000000a7d00000, 0x00000000e0000000)
  object space 128000K, 21% used [0x00000000a0000000,0x00000000a1b57588,0x00000000a7d00000)
 Metaspace       used 70753K, capacity 73483K, committed 73688K, reserved 1114112K
  class space    used 9351K, capacity 9939K, committed 9984K, reserved 1048576K
}
Event: 290.001 GC heap before
{Heap before GC invocations=19 (full 3):
 PSYoungGen      total 229376K, used 220681K [0x00000000e0000000, 0x00000000f1680000, 0x0000000100000000)
  eden space 206848K, 100% used [0x00000000e0000000,0x00000000eca00000,0x00000000eca00000)
  from space 22528K, 61% used [0x00000000eca00000,0x00000000ed7825b8,0x00000000ee000000)
  to   space 23040K, 0% used [0x00000000f0000000,0x00000000f0000000,0x00000000f1680000)
 ParOldGen       total 128000K, used 27997K [0x00000000a0000000, 0x00000000a7d00000, 0x00000000e0000000)
  object space 128000K, 21% used [0x00000000a0000000,0x00000000a1b57588,0x00000000a7d00000)
 Metaspace       used 71362K, capacity 74317K, committed 74584K, reserved 1114112K
  class space    used 9390K, capacity 9990K, committed 10112K, reserved 1048576K
Event: 290.016 GC heap after
Heap after GC invocations=19 (full 3):
 PSYoungGen      total 252928K, used 15874K [0x00000000e0000000, 0x00000000f1280000, 0x0000000100000000)
  eden space 233984K, 0% used [0x00000000e0000000,0x00000000e0000000,0x00000000ee480000)
  from space 18944K, 83% used [0x00000000f0000000,0x00000000f0f80938,0x00000000f1280000)
  to   space 23552K, 0% used [0x00000000ee480000,0x00000000ee480000,0x00000000efb80000)
 ParOldGen       total 128000K, used 28005K [0x00000000a0000000, 0x00000000a7d00000, 0x00000000e0000000)
  object space 128000K, 21% used [0x00000000a0000000,0x00000000a1b59588,0x00000000a7d00000)
 Metaspace       used 71362K, capacity 74317K, committed 74584K, reserved 1114112K
  class space    used 9390K, capacity 9990K, committed 10112K, reserved 1048576K
}
Event: 293.013 GC heap before
{Heap before GC invocations=20 (full 3):
 PSYoungGen      total 252928K, used 249858K [0x00000000e0000000, 0x00000000f1280000, 0x0000000100000000)
  eden space 233984K, 100% used [0x00000000e0000000,0x00000000ee480000,0x00000000ee480000)
  from space 18944K, 83% used [0x00000000f0000000,0x00000000f0f80938,0x00000000f1280000)
  to   space 23552K, 0% used [0x00000000ee480000,0x00000000ee480000,0x00000000efb80000)
 ParOldGen       total 128000K, used 28005K [0x00000000a0000000, 0x00000000a7d00000, 0x00000000e0000000)
  object space 128000K, 21% used [0x00000000a0000000,0x00000000a1b59588,0x00000000a7d00000)
 Metaspace       used 83751K, capacity 87405K, committed 87768K, reserved 1124352K
  class space    used 11166K, capacity 11906K, committed 12032K, reserved 1048576K
Event: 293.099 GC heap after
Heap after GC invocations=20 (full 3):
 PSYoungGen      total 257536K, used 23526K [0x00000000e0000000, 0x00000000f5000000, 0x0000000100000000)
  eden space 233984K, 0% used [0x00000000e0000000,0x00000000e0000000,0x00000000ee480000)
  from space 23552K, 99% used [0x00000000ee480000,0x00000000efb79aa8,0x00000000efb80000)
  to   space 40960K, 0% used [0x00000000f2800000,0x00000000f2800000,0x00000000f5000000)
 ParOldGen       total 128000K, used 66254K [0x00000000a0000000, 0x00000000a7d00000, 0x00000000e0000000)
  object space 128000K, 51% used [0x00000000a0000000,0x00000000a40b39f0,0x00000000a7d00000)
 Metaspace       used 83751K, capacity 87405K, committed 87768K, reserved 1124352K
  class space    used 11166K, capacity 11906K, committed 12032K, reserved 1048576K
}
Event: 436.620 GC heap before
{Heap before GC invocations=21 (full 3):
 PSYoungGen      total 257536K, used 257510K [0x00000000e0000000, 0x00000000f5000000, 0x0000000100000000)
  eden space 233984K, 100% used [0x00000000e0000000,0x00000000ee480000,0x00000000ee480000)
  from space 23552K, 99% used [0x00000000ee480000,0x00000000efb79aa8,0x00000000efb80000)
  to   space 40960K, 0% used [0x00000000f2800000,0x00000000f2800000,0x00000000f5000000)
 ParOldGen       total 128000K, used 66254K [0x00000000a0000000, 0x00000000a7d00000, 0x00000000e0000000)
  object space 128000K, 51% used [0x00000000a0000000,0x00000000a40b39f0,0x00000000a7d00000)
 Metaspace       used 84880K, capacity 88697K, committed 88792K, reserved 1126400K
  class space    used 11195K, capacity 11942K, committed 12032K, reserved 1048576K
Event: 436.763 GC heap after
Heap after GC invocations=21 (full 3):
 PSYoungGen      total 291840K, used 20947K [0x00000000e0000000, 0x00000000f4a00000, 0x0000000100000000)
  eden space 257024K, 0% used [0x00000000e0000000,0x00000000e0000000,0x00000000efb00000)
  from space 34816K, 60% used [0x00000000f2800000,0x00000000f3c74e00,0x00000000f4a00000)
  to   space 40448K, 0% used [0x00000000efb00000,0x00000000efb00000,0x00000000f2280000)
 ParOldGen       total 128000K, used 75673K [0x00000000a0000000, 0x00000000a7d00000, 0x00000000e0000000)
  object space 128000K, 59% used [0x00000000a0000000,0x00000000a49e6740,0x00000000a7d00000)
 Metaspace       used 84880K, capacity 88697K, committed 88792K, reserved 1126400K
  class space    used 11195K, capacity 11942K, committed 12032K, reserved 1048576K
}
Event: 587.241 GC heap before
{Heap before GC invocations=22 (full 3):
 PSYoungGen      total 291840K, used 277971K [0x00000000e0000000, 0x00000000f4a00000, 0x0000000100000000)
  eden space 257024K, 100% used [0x00000000e0000000,0x00000000efb00000,0x00000000efb00000)
  from space 34816K, 60% used [0x00000000f2800000,0x00000000f3c74e00,0x00000000f4a00000)
  to   space 40448K, 0% used [0x00000000efb00000,0x00000000efb00000,0x00000000f2280000)
 ParOldGen       total 128000K, used 75673K [0x00000000a0000000, 0x00000000a7d00000, 0x00000000e0000000)
  object space 128000K, 59% used [0x00000000a0000000,0x00000000a49e6740,0x00000000a7d00000)
 Metaspace       used 85849K, capacity 90035K, committed 90200K, reserved 1128448K
  class space    used 11270K, capacity 12073K, committed 12160K, reserved 1048576K
Event: 587.341 GC heap after
Heap after GC invocations=22 (full 3):
 PSYoungGen      total 264704K, used 16453K [0x00000000e0000000, 0x00000000f3c00000, 0x0000000100000000)
  eden space 247808K, 0% used [0x00000000e0000000,0x00000000e0000000,0x00000000ef200000)
  from space 16896K, 97% used [0x00000000efb00000,0x00000000f0b11570,0x00000000f0b80000)
  to   space 37888K, 0% used [0x00000000f1700000,0x00000000f1700000,0x00000000f3c00000)
 ParOldGen       total 128000K, used 75681K [0x00000000a0000000, 0x00000000a7d00000, 0x00000000e0000000)
  object space 128000K, 59% used [0x00000000a0000000,0x00000000a49e8740,0x00000000a7d00000)
 Metaspace       used 85849K, capacity 90035K, committed 90200K, reserved 1128448K
  class space    used 11270K, capacity 12073K, committed 12160K, reserved 1048576K
}

